<?xml version="1.0" encoding="UTF-8"?>
<!-- Generated by org.testng.reporters.JUnitReportReporter -->
<testsuite hostname="Guanmings-MacBook-Pro.local" name="testngFiles.Annot2" tests="1" failures="0" timestamp="25 Oct 2016 17:34:54 GMT" time="0.001" errors="0">
  <testcase name="software" time="0.001" classname="testngFiles.Annot2"/>
</testsuite> <!-- testngFiles.Annot2 -->
