<?xml version="1.0" encoding="UTF-8"?>
<!-- Generated by org.testng.reporters.JUnitReportReporter -->
<testsuite hostname="Guanmings-MacBook-Pro.local" name="testngFiles.DependenyAnnot" tests="3" failures="0" timestamp="25 Oct 2016 17:34:54 GMT" time="0.003" errors="0">
  <testcase name="OpeningBrowser" time="0.000" classname="testngFiles.DependenyAnnot"/>
  <testcase name="Timerelated" time="0.003" classname="testngFiles.DependenyAnnot"/>
  <testcase name="FlightBooking" time="0.000" classname="testngFiles.DependenyAnnot"/>
</testsuite> <!-- testngFiles.DependenyAnnot -->
