<?xml version="1.0" encoding="UTF-8"?>
<!-- Generated by org.testng.reporters.JUnitReportReporter -->
<testsuite hostname="Guanmings-MacBook-Pro.local" name="packTwo.Annot2" tests="1" failures="0" timestamp="25 Oct 2016 17:34:54 GMT" time="0.000" errors="0">
  <testcase name="software" time="0.000" classname="packTwo.Annot2"/>
</testsuite> <!-- packTwo.Annot2 -->
